@@TRAX:hello "trax.image=path;" "trax.region=rectangle;" "trax.version=1" 
@@TRAX:initialize "file:///home/zhangzheng/workplace/vot-workspace/sequences/singer3/00000001.jpg" "444.0000,175.1700,45.6500,49.7500" 
@@TRAX:state "444.0000,175.1700,45.6500,49.7500" 
@@TRAX:frame "file:///home/zhangzheng/workplace/vot-workspace/sequences/singer3/00000002.jpg" 
@@TRAX:state "439.0000,174.0000,45.0000,49.0000" 
@@TRAX:frame "file:///home/zhangzheng/workplace/vot-workspace/sequences/singer3/00000003.jpg" 
@@TRAX:state "435.0000,174.0000,45.0000,49.0000" 
@@TRAX:frame "file:///home/zhangzheng/workplace/vot-workspace/sequences/singer3/00000004.jpg" 
@@TRAX:state "431.0000,173.0000,45.0000,49.0000" 
@@TRAX:frame "file:///home/zhangzheng/workplace/vot-workspace/sequences/singer3/00000005.jpg" 
@@TRAX:state "427.0000,173.0000,45.0000,49.0000" 
@@TRAX:frame "file:///home/zhangzheng/workplace/vot-workspace/sequences/singer3/00000006.jpg" 
@@TRAX:state "424.0000,172.0000,45.0000,49.0000" 
@@TRAX:frame "file:///home/zhangzheng/workplace/vot-workspace/sequences/singer3/00000007.jpg" 
@@TRAX:state "420.0000,171.0000,45.0000,49.0000" 
@@TRAX:frame "file:///home/zhangzheng/workplace/vot-workspace/sequences/singer3/00000008.jpg" 
@@TRAX:state "418.0000,171.0000,45.0000,49.0000" 
@@TRAX:frame "file:///home/zhangzheng/workplace/vot-workspace/sequences/singer3/00000009.jpg" 
@@TRAX:state "415.0000,168.0000,45.0000,49.0000" 
@@TRAX:frame "file:///home/zhangzheng/workplace/vot-workspace/sequences/singer3/00000010.jpg" 
@@TRAX:state "412.0000,166.0000,45.0000,49.0000" 
@@TRAX:frame "file:///home/zhangzheng/workplace/vot-workspace/sequences/singer3/00000011.jpg" 
@@TRAX:state "407.0000,165.0000,45.0000,49.0000" 
@@TRAX:frame "file:///home/zhangzheng/workplace/vot-workspace/sequences/singer3/00000012.jpg" 
@@TRAX:state "405.0000,164.0000,44.0000,48.0000" 
@@TRAX:frame "file:///home/zhangzheng/workplace/vot-workspace/sequences/singer3/00000013.jpg" 
@@TRAX:state "405.0000,161.0000,44.0000,48.0000" 
@@TRAX:frame "file:///home/zhangzheng/workplace/vot-workspace/sequences/singer3/00000014.jpg" 
@@TRAX:state "402.0000,161.0000,42.0000,46.0000" 
@@TRAX:frame "file:///home/zhangzheng/workplace/vot-workspace/sequences/singer3/00000015.jpg" 
@@TRAX:state "399.0000,161.0000,43.0000,47.0000" 
@@TRAX:frame "file:///home/zhangzheng/workplace/vot-workspace/sequences/singer3/00000016.jpg" 
@@TRAX:state "401.0000,159.0000,41.0000,45.0000" 
@@TRAX:frame "file:///home/zhangzheng/workplace/vot-workspace/sequences/singer3/00000017.jpg" 
@@TRAX:state "401.0000,155.0000,42.0000,46.0000" 
@@TRAX:frame "file:///home/zhangzheng/workplace/vot-workspace/sequences/singer3/00000018.jpg" 
@@TRAX:state "402.0000,156.0000,42.0000,46.0000" 
@@TRAX:frame "file:///home/zhangzheng/workplace/vot-workspace/sequences/singer3/00000019.jpg" 
@@TRAX:state "403.0000,152.0000,42.0000,46.0000" 
@@TRAX:frame "file:///home/zhangzheng/workplace/vot-workspace/sequences/singer3/00000020.jpg" 
@@TRAX:state "407.0000,149.0000,40.0000,44.0000" 
@@TRAX:frame "file:///home/zhangzheng/workplace/vot-workspace/sequences/singer3/00000021.jpg" 
@@TRAX:state "412.0000,146.0000,40.0000,44.0000" 
@@TRAX:frame "file:///home/zhangzheng/workplace/vot-workspace/sequences/singer3/00000022.jpg" 
@@TRAX:state "417.0000,145.0000,39.0000,43.0000" 
@@TRAX:frame "file:///home/zhangzheng/workplace/vot-workspace/sequences/singer3/00000023.jpg" 
@@TRAX:state "424.0000,138.0000,41.0000,45.0000" 
@@TRAX:frame "file:///home/zhangzheng/workplace/vot-workspace/sequences/singer3/00000024.jpg" 
@@TRAX:state "431.0000,134.0000,40.0000,44.0000" 
@@TRAX:frame "file:///home/zhangzheng/workplace/vot-workspace/sequences/singer3/00000025.jpg" 
@@TRAX:state "439.0000,135.0000,39.0000,43.0000" 
@@TRAX:frame "file:///home/zhangzheng/workplace/vot-workspace/sequences/singer3/00000026.jpg" 
@@TRAX:state "448.0000,127.0000,39.0000,43.0000" 
@@TRAX:frame "file:///home/zhangzheng/workplace/vot-workspace/sequences/singer3/00000027.jpg" 
@@TRAX:state "459.0000,122.0000,39.0000,43.0000" 
@@TRAX:frame "file:///home/zhangzheng/workplace/vot-workspace/sequences/singer3/00000028.jpg" 
@@TRAX:state "467.0000,116.0000,39.0000,43.0000" 
@@TRAX:frame "file:///home/zhangzheng/workplace/vot-workspace/sequences/singer3/00000029.jpg" 
@@TRAX:state "474.0000,108.0000,39.0000,42.0000" 
@@TRAX:frame "file:///home/zhangzheng/workplace/vot-workspace/sequences/singer3/00000030.jpg" 
@@TRAX:state "484.0000,98.0000,39.0000,42.0000" 
@@TRAX:frame "file:///home/zhangzheng/workplace/vot-workspace/sequences/singer3/00000031.jpg" 
@@TRAX:state "494.0000,87.0000,39.0000,42.0000" 
@@TRAX:frame "file:///home/zhangzheng/workplace/vot-workspace/sequences/singer3/00000032.jpg" 
@@TRAX:state "503.0000,74.0000,39.0000,42.0000" 
@@TRAX:frame "file:///home/zhangzheng/workplace/vot-workspace/sequences/singer3/00000033.jpg" 
@@TRAX:state "510.0000,65.0000,37.0000,41.0000" 
@@TRAX:frame "file:///home/zhangzheng/workplace/vot-workspace/sequences/singer3/00000034.jpg" 
@@TRAX:state "513.0000,57.0000,38.0000,41.0000" 
@@TRAX:frame "file:///home/zhangzheng/workplace/vot-workspace/sequences/singer3/00000035.jpg" 
@@TRAX:state "515.0000,48.0000,39.0000,42.0000" 
@@TRAX:frame "file:///home/zhangzheng/workplace/vot-workspace/sequences/singer3/00000036.jpg" 
@@TRAX:state "513.0000,41.0000,39.0000,42.0000" 
@@TRAX:frame "file:///home/zhangzheng/workplace/vot-workspace/sequences/singer3/00000037.jpg" 
@@TRAX:state "511.0000,38.0000,39.0000,42.0000" 
@@TRAX:frame "file:///home/zhangzheng/workplace/vot-workspace/sequences/singer3/00000038.jpg" 
@@TRAX:state "507.0000,37.0000,39.0000,42.0000" 
@@TRAX:frame "file:///home/zhangzheng/workplace/vot-workspace/sequences/singer3/00000039.jpg" 
@@TRAX:state "494.0000,36.0000,39.0000,42.0000" 
@@TRAX:frame "file:///home/zhangzheng/workplace/vot-workspace/sequences/singer3/00000040.jpg" 
@@TRAX:state "497.0000,19.0000,39.0000,42.0000" 
@@TRAX:frame "file:///home/zhangzheng/workplace/vot-workspace/sequences/singer3/00000041.jpg" 
@@TRAX:state "489.0000,18.0000,39.0000,42.0000" 
@@TRAX:frame "file:///home/zhangzheng/workplace/vot-workspace/sequences/singer3/00000042.jpg" 
@@TRAX:state "464.0000,24.0000,38.0000,41.0000" 
@@TRAX:frame "file:///home/zhangzheng/workplace/vot-workspace/sequences/singer3/00000043.jpg" 
@@TRAX:state "469.0000,21.0000,38.0000,41.0000" 
@@TRAX:frame "file:///home/zhangzheng/workplace/vot-workspace/sequences/singer3/00000044.jpg" 
@@TRAX:state "471.0000,24.0000,39.0000,42.0000" 
@@TRAX:frame "file:///home/zhangzheng/workplace/vot-workspace/sequences/singer3/00000045.jpg" 
@@TRAX:state "461.0000,18.0000,39.0000,42.0000" 
@@TRAX:frame "file:///home/zhangzheng/workplace/vot-workspace/sequences/singer3/00000046.jpg" 
@@TRAX:state "447.0000,8.0000,39.0000,43.0000" 
@@TRAX:frame "file:///home/zhangzheng/workplace/vot-workspace/sequences/singer3/00000047.jpg" 
@@TRAX:state "435.0000,-2.0000,40.0000,44.0000" 
@@TRAX:frame "file:///home/zhangzheng/workplace/vot-workspace/sequences/singer3/00000048.jpg" 
@@TRAX:state "427.0000,-6.0000,39.0000,43.0000" 
@@TRAX:frame "file:///home/zhangzheng/workplace/vot-workspace/sequences/singer3/00000049.jpg" 
@@TRAX:state "418.0000,-6.0000,39.0000,42.0000" 
@@TRAX:frame "file:///home/zhangzheng/workplace/vot-workspace/sequences/singer3/00000050.jpg" 
@@TRAX:state "412.0000,-9.0000,39.0000,43.0000" 
@@TRAX:frame "file:///home/zhangzheng/workplace/vot-workspace/sequences/singer3/00000051.jpg" 
@@TRAX:state "399.0000,-13.0000,39.0000,43.0000" 
@@TRAX:frame "file:///home/zhangzheng/workplace/vot-workspace/sequences/singer3/00000052.jpg" 
@@TRAX:state "419.0000,11.0000,40.0000,44.0000" 
@@TRAX:frame "file:///home/zhangzheng/workplace/vot-workspace/sequences/singer3/00000053.jpg" 
@@TRAX:state "415.0000,1.0000,39.0000,43.0000" 
@@TRAX:frame "file:///home/zhangzheng/workplace/vot-workspace/sequences/singer3/00000054.jpg" 
@@TRAX:state "434.0000,6.0000,39.0000,42.0000" 
@@TRAX:frame "file:///home/zhangzheng/workplace/vot-workspace/sequences/singer3/00000055.jpg" 
@@TRAX:state "419.0000,-2.0000,39.0000,42.0000" 
@@TRAX:frame "file:///home/zhangzheng/workplace/vot-workspace/sequences/singer3/00000056.jpg" 
@@TRAX:state "398.0000,-12.0000,38.0000,41.0000" 
@@TRAX:frame "file:///home/zhangzheng/workplace/vot-workspace/sequences/singer3/00000057.jpg" 
@@TRAX:state "398.0000,12.0000,39.0000,42.0000" 
@@TRAX:frame "file:///home/zhangzheng/workplace/vot-workspace/sequences/singer3/00000058.jpg" 
@@TRAX:state "398.0000,0.0000,39.0000,42.0000" 
@@TRAX:quit 
@@TRAX:hello "trax.image=path;" "trax.region=rectangle;" "trax.version=1" 
@@TRAX:initialize "file:///home/zhangzheng/workplace/vot-workspace/sequences/singer3/00000063.jpg" "34.0000,10.0000,266.0000,310.0000" 
@@TRAX:state "34.0000,10.0000,266.0000,310.0000" 
@@TRAX:frame "file:///home/zhangzheng/workplace/vot-workspace/sequences/singer3/00000064.jpg" 
@@TRAX:state "21.0000,2.0000,282.0000,328.0000" 
@@TRAX:frame "file:///home/zhangzheng/workplace/vot-workspace/sequences/singer3/00000065.jpg" 
@@TRAX:state "18.0000,-3.0000,293.0000,342.0000" 
@@TRAX:frame "file:///home/zhangzheng/workplace/vot-workspace/sequences/singer3/00000066.jpg" 
@@TRAX:state "43.0000,7.0000,282.0000,328.0000" 
@@TRAX:frame "file:///home/zhangzheng/workplace/vot-workspace/sequences/singer3/00000067.jpg" 
@@TRAX:state "66.0000,9.0000,287.0000,335.0000" 
@@TRAX:frame "file:///home/zhangzheng/workplace/vot-workspace/sequences/singer3/00000069.jpg" 
@@TRAX:state "125.0000,14.0000,282.0000,328.0000" 
@@TRAX:frame "file:///home/zhangzheng/workplace/vot-workspace/sequences/singer3/00000070.jpg" 
@@TRAX:state "153.0000,12.0000,276.0000,322.0000" 
@@TRAX:frame "file:///home/zhangzheng/workplace/vot-workspace/sequences/singer3/00000072.jpg" 
@@TRAX:state "203.0000,16.0000,265.0000,309.0000" 
@@TRAX:frame "file:///home/zhangzheng/workplace/vot-workspace/sequences/singer3/00000073.jpg" 
@@TRAX:state "227.0000,24.0000,255.0000,297.0000" 
@@TRAX:frame "file:///home/zhangzheng/workplace/vot-workspace/sequences/singer3/00000075.jpg" 
@@TRAX:state "261.0000,42.0000,260.0000,303.0000" 
@@TRAX:frame "file:///home/zhangzheng/workplace/vot-workspace/sequences/singer3/00000076.jpg" 
@@TRAX:state "277.0000,51.0000,255.0000,297.0000" 
@@TRAX:frame "file:///home/zhangzheng/workplace/vot-workspace/sequences/singer3/00000077.jpg" 
@@TRAX:state "287.0000,55.0000,260.0000,303.0000" 
@@TRAX:frame "file:///home/zhangzheng/workplace/vot-workspace/sequences/singer3/00000079.jpg" 
@@TRAX:state "310.0000,57.0000,265.0000,309.0000" 
@@TRAX:frame "file:///home/zhangzheng/workplace/vot-workspace/sequences/singer3/00000080.jpg" 
@@TRAX:state "321.0000,52.0000,265.0000,309.0000" 
@@TRAX:frame "file:///home/zhangzheng/workplace/vot-workspace/sequences/singer3/00000082.jpg" 
@@TRAX:state "345.0000,26.0000,271.0000,316.0000" 
@@TRAX:frame "file:///home/zhangzheng/workplace/vot-workspace/sequences/singer3/00000083.jpg" 
@@TRAX:state "362.0000,13.0000,276.0000,322.0000" 
@@TRAX:frame "file:///home/zhangzheng/workplace/vot-workspace/sequences/singer3/00000085.jpg" 
@@TRAX:state "398.0000,-6.0000,282.0000,328.0000" 
@@TRAX:frame "file:///home/zhangzheng/workplace/vot-workspace/sequences/singer3/00000086.jpg" 
@@TRAX:state "412.0000,-6.0000,287.0000,335.0000" 
@@TRAX:frame "file:///home/zhangzheng/workplace/vot-workspace/sequences/singer3/00000088.jpg" 
@@TRAX:state "439.0000,17.0000,287.0000,335.0000" 
@@TRAX:frame "file:///home/zhangzheng/workplace/vot-workspace/sequences/singer3/00000089.jpg" 
@@TRAX:state "449.0000,30.0000,282.0000,328.0000" 
@@TRAX:frame "file:///home/zhangzheng/workplace/vot-workspace/sequences/singer3/00000092.jpg" 
@@TRAX:state "461.0000,52.0000,260.0000,303.0000" 
@@TRAX:frame "file:///home/zhangzheng/workplace/vot-workspace/sequences/singer3/00000093.jpg" 
@@TRAX:state "446.0000,40.0000,276.0000,322.0000" 
@@TRAX:frame "file:///home/zhangzheng/workplace/vot-workspace/sequences/singer3/00000094.jpg" 
@@TRAX:state "421.0000,21.0000,287.0000,335.0000" 
@@TRAX:frame "file:///home/zhangzheng/workplace/vot-workspace/sequences/singer3/00000096.jpg" 
@@TRAX:state "358.0000,0.0000,293.0000,342.0000" 
@@TRAX:frame "file:///home/zhangzheng/workplace/vot-workspace/sequences/singer3/00000097.jpg" 
@@TRAX:state "327.0000,6.0000,287.0000,335.0000" 
@@TRAX:frame "file:///home/zhangzheng/workplace/vot-workspace/sequences/singer3/00000098.jpg" 
@@TRAX:state "294.0000,4.0000,299.0000,349.0000" 
@@TRAX:frame "file:///home/zhangzheng/workplace/vot-workspace/sequences/singer3/00000100.jpg" 
@@TRAX:state "239.0000,3.0000,299.0000,349.0000" 
@@TRAX:frame "file:///home/zhangzheng/workplace/vot-workspace/sequences/singer3/00000101.jpg" 
@@TRAX:state "173.0000,-82.0000,311.0000,363.0000" 
@@TRAX:frame "file:///home/zhangzheng/workplace/vot-workspace/sequences/singer3/00000103.jpg" 
@@TRAX:state "101.0000,-25.0000,311.0000,363.0000" 
@@TRAX:frame "file:///home/zhangzheng/workplace/vot-workspace/sequences/singer3/00000105.jpg" 
@@TRAX:state "160.0000,-27.0000,299.0000,349.0000" 
@@TRAX:frame "file:///home/zhangzheng/workplace/vot-workspace/sequences/singer3/00000106.jpg" 
@@TRAX:state "158.0000,-30.0000,299.0000,349.0000" 
@@TRAX:frame "file:///home/zhangzheng/workplace/vot-workspace/sequences/singer3/00000108.jpg" 
@@TRAX:state "-39.0000,109.0000,305.0000,356.0000" 
@@TRAX:frame "file:///home/zhangzheng/workplace/vot-workspace/sequences/singer3/00000110.jpg" 
@@TRAX:state "-17.0000,97.0000,305.0000,356.0000" 
@@TRAX:frame "file:///home/zhangzheng/workplace/vot-workspace/sequences/singer3/00000111.jpg" 
@@TRAX:state "-27.0000,100.0000,299.0000,349.0000" 
@@TRAX:frame "file:///home/zhangzheng/workplace/vot-workspace/sequences/singer3/00000112.jpg" 
@@TRAX:state "-20.0000,124.0000,293.0000,342.0000" 
@@TRAX:frame "file:///home/zhangzheng/workplace/vot-workspace/sequences/singer3/00000114.jpg" 
@@TRAX:state "-15.0000,118.0000,287.0000,335.0000" 
@@TRAX:frame "file:///home/zhangzheng/workplace/vot-workspace/sequences/singer3/00000115.jpg" 
@@TRAX:state "94.0000,76.0000,287.0000,335.0000" 
@@TRAX:frame "file:///home/zhangzheng/workplace/vot-workspace/sequences/singer3/00000117.jpg" 
@@TRAX:state "119.0000,99.0000,293.0000,342.0000" 
@@TRAX:frame "file:///home/zhangzheng/workplace/vot-workspace/sequences/singer3/00000118.jpg" 
@@TRAX:state "108.0000,81.0000,299.0000,349.0000" 
@@TRAX:frame "file:///home/zhangzheng/workplace/vot-workspace/sequences/singer3/00000120.jpg" 
@@TRAX:state "125.0000,304.0000,299.0000,349.0000" 
@@TRAX:quit 
